

Started GET "/" for 127.0.0.1 at 2014-11-01 22:06:06 +0900
  [1m[36mActiveRecord::SchemaMigration Load (3.7ms)[0m  [1mSELECT `schema_migrations`.* FROM `schema_migrations`[0m
Processing by TopController#index as HTML
  [1m[35m (0.7ms)[0m  SELECT COUNT(*) AS count_all, product_id AS product_id FROM `reviews` GROUP BY product_id ORDER BY count_all DESC
  [1m[36mProduct Load (0.4ms)[0m  [1mSELECT `products`.* FROM `products` ORDER BY id DESC LIMIT 20[0m
  [1m[35mReview Load (1.0ms)[0m  SELECT `reviews`.* FROM `reviews` WHERE `reviews`.`product_id` = 40
  [1m[36mReview Load (0.3ms)[0m  [1mSELECT `reviews`.* FROM `reviews` WHERE `reviews`.`product_id` = 39[0m
  [1m[35mReview Load (0.3ms)[0m  SELECT `reviews`.* FROM `reviews` WHERE `reviews`.`product_id` = 38
  [1m[36mReview Load (0.2ms)[0m  [1mSELECT `reviews`.* FROM `reviews` WHERE `reviews`.`product_id` = 37[0m
  [1m[35mReview Load (0.2ms)[0m  SELECT `reviews`.* FROM `reviews` WHERE `reviews`.`product_id` = 36
  [1m[36mReview Load (0.2ms)[0m  [1mSELECT `reviews`.* FROM `reviews` WHERE `reviews`.`product_id` = 35[0m
  [1m[35mReview Load (0.3ms)[0m  SELECT `reviews`.* FROM `reviews` WHERE `reviews`.`product_id` = 34
  [1m[36mReview Load (0.3ms)[0m  [1mSELECT `reviews`.* FROM `reviews` WHERE `reviews`.`product_id` = 33[0m
  [1m[35mReview Load (0.2ms)[0m  SELECT `reviews`.* FROM `reviews` WHERE `reviews`.`product_id` = 32
  [1m[36mReview Load (0.2ms)[0m  [1mSELECT `reviews`.* FROM `reviews` WHERE `reviews`.`product_id` = 31[0m
  [1m[35mReview Load (0.2ms)[0m  SELECT `reviews`.* FROM `reviews` WHERE `reviews`.`product_id` = 30
  [1m[36mReview Load (0.3ms)[0m  [1mSELECT `reviews`.* FROM `reviews` WHERE `reviews`.`product_id` = 29[0m
  [1m[35mReview Load (0.3ms)[0m  SELECT `reviews`.* FROM `reviews` WHERE `reviews`.`product_id` = 28
  [1m[36mReview Load (0.3ms)[0m  [1mSELECT `reviews`.* FROM `reviews` WHERE `reviews`.`product_id` = 27[0m
  [1m[35mReview Load (0.8ms)[0m  SELECT `reviews`.* FROM `reviews` WHERE `reviews`.`product_id` = 26
  [1m[36mReview Load (0.6ms)[0m  [1mSELECT `reviews`.* FROM `reviews` WHERE `reviews`.`product_id` = 25[0m
  [1m[35mReview Load (0.6ms)[0m  SELECT `reviews`.* FROM `reviews` WHERE `reviews`.`product_id` = 24
  [1m[36mReview Load (0.4ms)[0m  [1mSELECT `reviews`.* FROM `reviews` WHERE `reviews`.`product_id` = 23[0m
  [1m[35mReview Load (0.8ms)[0m  SELECT `reviews`.* FROM `reviews` WHERE `reviews`.`product_id` = 22
  [1m[36mReview Load (0.9ms)[0m  [1mSELECT `reviews`.* FROM `reviews` WHERE `reviews`.`product_id` = 21[0m
  Rendered top/index.html.erb within layouts/review_site (56.9ms)
  [1m[35mProduct Load (0.4ms)[0m  SELECT `products`.* FROM `products` WHERE `products`.`id` IN (1, 7, 6, 2, 3, 4, 18, 9) LIMIT 5
Completed 200 OK in 3418ms (Views: 3375.0ms | ActiveRecord: 14.7ms)


Started GET "/assets/application.css?body=1" for 127.0.0.1 at 2014-11-01 22:06:09 +0900


Started GET "/assets/top.css?body=1" for 127.0.0.1 at 2014-11-01 22:06:10 +0900


Started GET "/assets/turbolinks.js?body=1" for 127.0.0.1 at 2014-11-01 22:06:10 +0900


Started GET "/assets/review_site.css?body=1" for 127.0.0.1 at 2014-11-01 22:06:10 +0900


Started GET "/assets/works.css?body=1" for 127.0.0.1 at 2014-11-01 22:06:10 +0900


Started GET "/assets/jquery.js?body=1" for 127.0.0.1 at 2014-11-01 22:06:10 +0900


Started GET "/assets/top.js?body=1" for 127.0.0.1 at 2014-11-01 22:06:10 +0900


Started GET "/assets/works.js?body=1" for 127.0.0.1 at 2014-11-01 22:06:10 +0900


Started GET "/assets/jquery_ujs.js?body=1" for 127.0.0.1 at 2014-11-01 22:06:10 +0900


Started GET "/assets/application.js?body=1" for 127.0.0.1 at 2014-11-01 22:06:10 +0900


Started GET "/images/icons/icon-movie-poster.png" for 127.0.0.1 at 2014-11-01 22:06:10 +0900

ActionController::RoutingError (No route matches [GET] "/images/icons/icon-movie-poster.png"):
  actionpack (4.0.4) lib/action_dispatch/middleware/debug_exceptions.rb:21:in `call'
  actionpack (4.0.4) lib/action_dispatch/middleware/show_exceptions.rb:30:in `call'
  railties (4.0.4) lib/rails/rack/logger.rb:38:in `call_app'
  railties (4.0.4) lib/rails/rack/logger.rb:20:in `block in call'
  activesupport (4.0.4) lib/active_support/tagged_logging.rb:68:in `block in tagged'
  activesupport (4.0.4) lib/active_support/tagged_logging.rb:26:in `tagged'
  activesupport (4.0.4) lib/active_support/tagged_logging.rb:68:in `tagged'
  railties (4.0.4) lib/rails/rack/logger.rb:20:in `call'
  actionpack (4.0.4) lib/action_dispatch/middleware/request_id.rb:21:in `call'
  rack (1.5.2) lib/rack/methodoverride.rb:21:in `call'
  rack (1.5.2) lib/rack/runtime.rb:17:in `call'
  activesupport (4.0.4) lib/active_support/cache/strategy/local_cache.rb:83:in `call'
  rack (1.5.2) lib/rack/lock.rb:17:in `call'
  actionpack (4.0.4) lib/action_dispatch/middleware/static.rb:64:in `call'
  rack (1.5.2) lib/rack/sendfile.rb:112:in `call'
  railties (4.0.4) lib/rails/engine.rb:511:in `call'
  railties (4.0.4) lib/rails/application.rb:97:in `call'
  rack (1.5.2) lib/rack/lock.rb:17:in `call'
  rack (1.5.2) lib/rack/content_length.rb:14:in `call'
  rack (1.5.2) lib/rack/handler/webrick.rb:60:in `service'
  /Users/nari/.rbenv/versions/2.0.0-p247/lib/ruby/2.0.0/webrick/httpserver.rb:138:in `service'
  /Users/nari/.rbenv/versions/2.0.0-p247/lib/ruby/2.0.0/webrick/httpserver.rb:94:in `run'
  /Users/nari/.rbenv/versions/2.0.0-p247/lib/ruby/2.0.0/webrick/server.rb:295:in `block in start_thread'


  Rendered /Users/nari/.rbenv/versions/2.0.0-p247/lib/ruby/gems/2.0.0/gems/actionpack-4.0.4/lib/action_dispatch/middleware/templates/rescues/_trace.erb (1.2ms)
  Rendered /Users/nari/.rbenv/versions/2.0.0-p247/lib/ruby/gems/2.0.0/gems/actionpack-4.0.4/lib/action_dispatch/middleware/templates/routes/_route.html.erb (1.1ms)
  Rendered /Users/nari/.rbenv/versions/2.0.0-p247/lib/ruby/gems/2.0.0/gems/actionpack-4.0.4/lib/action_dispatch/middleware/templates/routes/_table.html.erb (6.9ms)
  Rendered /Users/nari/.rbenv/versions/2.0.0-p247/lib/ruby/gems/2.0.0/gems/actionpack-4.0.4/lib/action_dispatch/middleware/templates/rescues/routing_error.erb within rescues/layout (32.9ms)


Started GET "/assets/bambi-1.0.0.ttf?20140712" for 127.0.0.1 at 2014-11-01 22:06:10 +0900


Started GET "/" for 127.0.0.1 at 2014-11-01 22:07:22 +0900
Processing by TopController#index as HTML
  [1m[36m (0.3ms)[0m  [1mSELECT COUNT(*) AS count_all, product_id AS product_id FROM `reviews` GROUP BY product_id ORDER BY count_all DESC[0m
  [1m[35mProduct Load (0.2ms)[0m  SELECT `products`.* FROM `products` ORDER BY id DESC LIMIT 20
  [1m[36mReview Load (0.2ms)[0m  [1mSELECT `reviews`.* FROM `reviews` WHERE `reviews`.`product_id` = 40[0m
  [1m[35mReview Load (0.2ms)[0m  SELECT `reviews`.* FROM `reviews` WHERE `reviews`.`product_id` = 39
  [1m[36mReview Load (36.4ms)[0m  [1mSELECT `reviews`.* FROM `reviews` WHERE `reviews`.`product_id` = 38[0m
  [1m[35mReview Load (0.3ms)[0m  SELECT `reviews`.* FROM `reviews` WHERE `reviews`.`product_id` = 37
  [1m[36mReview Load (0.3ms)[0m  [1mSELECT `reviews`.* FROM `reviews` WHERE `reviews`.`product_id` = 36[0m
  [1m[35mReview Load (0.3ms)[0m  SELECT `reviews`.* FROM `reviews` WHERE `reviews`.`product_id` = 35
  [1m[36mReview Load (0.2ms)[0m  [1mSELECT `reviews`.* FROM `reviews` WHERE `reviews`.`product_id` = 34[0m
  [1m[35mReview Load (0.3ms)[0m  SELECT `reviews`.* FROM `reviews` WHERE `reviews`.`product_id` = 33
  [1m[36mReview Load (0.3ms)[0m  [1mSELECT `reviews`.* FROM `reviews` WHERE `reviews`.`product_id` = 32[0m
  [1m[35mReview Load (0.3ms)[0m  SELECT `reviews`.* FROM `reviews` WHERE `reviews`.`product_id` = 31
  [1m[36mReview Load (0.5ms)[0m  [1mSELECT `reviews`.* FROM `reviews` WHERE `reviews`.`product_id` = 30[0m
  [1m[35mReview Load (0.6ms)[0m  SELECT `reviews`.* FROM `reviews` WHERE `reviews`.`product_id` = 29
  [1m[36mReview Load (0.6ms)[0m  [1mSELECT `reviews`.* FROM `reviews` WHERE `reviews`.`product_id` = 28[0m
  [1m[35mReview Load (0.6ms)[0m  SELECT `reviews`.* FROM `reviews` WHERE `reviews`.`product_id` = 27
  [1m[36mReview Load (0.4ms)[0m  [1mSELECT `reviews`.* FROM `reviews` WHERE `reviews`.`product_id` = 26[0m
  [1m[35mReview Load (0.6ms)[0m  SELECT `reviews`.* FROM `reviews` WHERE `reviews`.`product_id` = 25
  [1m[36mReview Load (0.3ms)[0m  [1mSELECT `reviews`.* FROM `reviews` WHERE `reviews`.`product_id` = 24[0m
  [1m[35mReview Load (0.2ms)[0m  SELECT `reviews`.* FROM `reviews` WHERE `reviews`.`product_id` = 23
  [1m[36mReview Load (0.2ms)[0m  [1mSELECT `reviews`.* FROM `reviews` WHERE `reviews`.`product_id` = 22[0m
  [1m[35mReview Load (0.2ms)[0m  SELECT `reviews`.* FROM `reviews` WHERE `reviews`.`product_id` = 21
  Rendered top/index.html.erb within layouts/review_site (64.8ms)
  [1m[36mProduct Load (0.3ms)[0m  [1mSELECT `products`.* FROM `products` WHERE `products`.`id` IN (1, 7, 6, 2, 3, 4, 18, 9) LIMIT 5[0m
Completed 200 OK in 72ms (Views: 26.2ms | ActiveRecord: 43.6ms)


Started GET "/assets/application.css?body=1" for 127.0.0.1 at 2014-11-01 22:07:22 +0900


Started GET "/assets/review_site.css?body=1" for 127.0.0.1 at 2014-11-01 22:07:22 +0900


Started GET "/assets/works.css?body=1" for 127.0.0.1 at 2014-11-01 22:07:22 +0900


Started GET "/assets/jquery.js?body=1" for 127.0.0.1 at 2014-11-01 22:07:22 +0900


Started GET "/assets/jquery_ujs.js?body=1" for 127.0.0.1 at 2014-11-01 22:07:22 +0900


Started GET "/assets/top.css?body=1" for 127.0.0.1 at 2014-11-01 22:07:22 +0900


Started GET "/assets/turbolinks.js?body=1" for 127.0.0.1 at 2014-11-01 22:07:22 +0900


Started GET "/assets/top.js?body=1" for 127.0.0.1 at 2014-11-01 22:07:22 +0900


Started GET "/assets/application.js?body=1" for 127.0.0.1 at 2014-11-01 22:07:22 +0900


Started GET "/assets/works.js?body=1" for 127.0.0.1 at 2014-11-01 22:07:22 +0900


Started GET "/images/icons/icon-movie-poster.png" for 127.0.0.1 at 2014-11-01 22:07:22 +0900

ActionController::RoutingError (No route matches [GET] "/images/icons/icon-movie-poster.png"):
  actionpack (4.0.4) lib/action_dispatch/middleware/debug_exceptions.rb:21:in `call'
  actionpack (4.0.4) lib/action_dispatch/middleware/show_exceptions.rb:30:in `call'
  railties (4.0.4) lib/rails/rack/logger.rb:38:in `call_app'
  railties (4.0.4) lib/rails/rack/logger.rb:20:in `block in call'
  activesupport (4.0.4) lib/active_support/tagged_logging.rb:68:in `block in tagged'
  activesupport (4.0.4) lib/active_support/tagged_logging.rb:26:in `tagged'
  activesupport (4.0.4) lib/active_support/tagged_logging.rb:68:in `tagged'
  railties (4.0.4) lib/rails/rack/logger.rb:20:in `call'
  actionpack (4.0.4) lib/action_dispatch/middleware/request_id.rb:21:in `call'
  rack (1.5.2) lib/rack/methodoverride.rb:21:in `call'
  rack (1.5.2) lib/rack/runtime.rb:17:in `call'
  activesupport (4.0.4) lib/active_support/cache/strategy/local_cache.rb:83:in `call'
  rack (1.5.2) lib/rack/lock.rb:17:in `call'
  actionpack (4.0.4) lib/action_dispatch/middleware/static.rb:64:in `call'
  rack (1.5.2) lib/rack/sendfile.rb:112:in `call'
  railties (4.0.4) lib/rails/engine.rb:511:in `call'
  railties (4.0.4) lib/rails/application.rb:97:in `call'
  rack (1.5.2) lib/rack/lock.rb:17:in `call'
  rack (1.5.2) lib/rack/content_length.rb:14:in `call'
  rack (1.5.2) lib/rack/handler/webrick.rb:60:in `service'
  /Users/nari/.rbenv/versions/2.0.0-p247/lib/ruby/2.0.0/webrick/httpserver.rb:138:in `service'
  /Users/nari/.rbenv/versions/2.0.0-p247/lib/ruby/2.0.0/webrick/httpserver.rb:94:in `run'
  /Users/nari/.rbenv/versions/2.0.0-p247/lib/ruby/2.0.0/webrick/server.rb:295:in `block in start_thread'


  Rendered /Users/nari/.rbenv/versions/2.0.0-p247/lib/ruby/gems/2.0.0/gems/actionpack-4.0.4/lib/action_dispatch/middleware/templates/rescues/_trace.erb (1.1ms)
  Rendered /Users/nari/.rbenv/versions/2.0.0-p247/lib/ruby/gems/2.0.0/gems/actionpack-4.0.4/lib/action_dispatch/middleware/templates/routes/_route.html.erb (1.1ms)
  Rendered /Users/nari/.rbenv/versions/2.0.0-p247/lib/ruby/gems/2.0.0/gems/actionpack-4.0.4/lib/action_dispatch/middleware/templates/routes/_table.html.erb (1.0ms)
  Rendered /Users/nari/.rbenv/versions/2.0.0-p247/lib/ruby/gems/2.0.0/gems/actionpack-4.0.4/lib/action_dispatch/middleware/templates/rescues/routing_error.erb within rescues/layout (21.0ms)


Started GET "/assets/bambi-1.0.0.ttf?20140712" for 127.0.0.1 at 2014-11-01 22:07:22 +0900


Started GET "/" for 127.0.0.1 at 2014-11-01 22:16:03 +0900
Processing by TopController#index as HTML
  [1m[35m (0.2ms)[0m  SELECT COUNT(*) AS count_all, product_id AS product_id FROM `reviews` GROUP BY product_id ORDER BY count_all DESC
  Rendered top/index.html.erb within layouts/review_site (0.1ms)
  [1m[36mProduct Load (0.3ms)[0m  [1mSELECT `products`.* FROM `products` WHERE `products`.`id` IN (1, 7, 6, 2, 3, 4, 18, 9) LIMIT 5[0m
Completed 200 OK in 20ms (Views: 9.1ms | ActiveRecord: 3.6ms)


Started GET "/assets/review_site.css?body=1" for 127.0.0.1 at 2014-11-01 22:16:04 +0900


Started GET "/assets/jquery.js?body=1" for 127.0.0.1 at 2014-11-01 22:16:04 +0900


Started GET "/assets/works.css?body=1" for 127.0.0.1 at 2014-11-01 22:16:04 +0900


Started GET "/assets/top.css?body=1" for 127.0.0.1 at 2014-11-01 22:16:04 +0900


Started GET "/assets/jquery_ujs.js?body=1" for 127.0.0.1 at 2014-11-01 22:16:04 +0900


Started GET "/assets/application.css?body=1" for 127.0.0.1 at 2014-11-01 22:16:04 +0900


Started GET "/assets/turbolinks.js?body=1" for 127.0.0.1 at 2014-11-01 22:16:04 +0900


Started GET "/assets/top.js?body=1" for 127.0.0.1 at 2014-11-01 22:16:04 +0900


Started GET "/assets/works.js?body=1" for 127.0.0.1 at 2014-11-01 22:16:04 +0900


Started GET "/assets/application.js?body=1" for 127.0.0.1 at 2014-11-01 22:16:04 +0900


Started GET "/assets/bambi-1.0.0.ttf?20140712" for 127.0.0.1 at 2014-11-01 22:16:04 +0900


Started GET "/" for 127.0.0.1 at 2014-11-01 22:17:22 +0900
Processing by TopController#index as HTML
  [1m[35m (0.3ms)[0m  SELECT COUNT(*) AS count_all, product_id AS product_id FROM `reviews` GROUP BY product_id ORDER BY count_all DESC
  [1m[36mProduct Load (0.3ms)[0m  [1mSELECT `products`.* FROM `products` ORDER BY id DESC LIMIT 20[0m
  [1m[35mReview Load (0.3ms)[0m  SELECT `reviews`.* FROM `reviews` WHERE `reviews`.`product_id` = 40
  [1m[36mReview Load (0.2ms)[0m  [1mSELECT `reviews`.* FROM `reviews` WHERE `reviews`.`product_id` = 39[0m
  [1m[35mReview Load (0.2ms)[0m  SELECT `reviews`.* FROM `reviews` WHERE `reviews`.`product_id` = 38
  [1m[36mReview Load (0.2ms)[0m  [1mSELECT `reviews`.* FROM `reviews` WHERE `reviews`.`product_id` = 37[0m
  [1m[35mReview Load (0.2ms)[0m  SELECT `reviews`.* FROM `reviews` WHERE `reviews`.`product_id` = 36
  [1m[36mReview Load (0.2ms)[0m  [1mSELECT `reviews`.* FROM `reviews` WHERE `reviews`.`product_id` = 35[0m
  [1m[35mReview Load (0.2ms)[0m  SELECT `reviews`.* FROM `reviews` WHERE `reviews`.`product_id` = 34
  [1m[36mReview Load (0.2ms)[0m  [1mSELECT `reviews`.* FROM `reviews` WHERE `reviews`.`product_id` = 33[0m
  [1m[35mReview Load (0.2ms)[0m  SELECT `reviews`.* FROM `reviews` WHERE `reviews`.`product_id` = 32
  [1m[36mReview Load (0.3ms)[0m  [1mSELECT `reviews`.* FROM `reviews` WHERE `reviews`.`product_id` = 31[0m
  [1m[35mReview Load (0.2ms)[0m  SELECT `reviews`.* FROM `reviews` WHERE `reviews`.`product_id` = 30
  [1m[36mReview Load (0.2ms)[0m  [1mSELECT `reviews`.* FROM `reviews` WHERE `reviews`.`product_id` = 29[0m
  [1m[35mReview Load (0.2ms)[0m  SELECT `reviews`.* FROM `reviews` WHERE `reviews`.`product_id` = 28
  [1m[36mReview Load (0.2ms)[0m  [1mSELECT `reviews`.* FROM `reviews` WHERE `reviews`.`product_id` = 27[0m
  [1m[35mReview Load (0.2ms)[0m  SELECT `reviews`.* FROM `reviews` WHERE `reviews`.`product_id` = 26
  [1m[36mReview Load (0.2ms)[0m  [1mSELECT `reviews`.* FROM `reviews` WHERE `reviews`.`product_id` = 25[0m
  [1m[35mReview Load (0.2ms)[0m  SELECT `reviews`.* FROM `reviews` WHERE `reviews`.`product_id` = 24
  [1m[36mReview Load (0.2ms)[0m  [1mSELECT `reviews`.* FROM `reviews` WHERE `reviews`.`product_id` = 23[0m
  [1m[35mReview Load (0.2ms)[0m  SELECT `reviews`.* FROM `reviews` WHERE `reviews`.`product_id` = 22
  [1m[36mReview Load (0.2ms)[0m  [1mSELECT `reviews`.* FROM `reviews` WHERE `reviews`.`product_id` = 21[0m
  Rendered top/index.html.erb within layouts/review_site (24.4ms)
  [1m[35mProduct Load (0.3ms)[0m  SELECT `products`.* FROM `products` WHERE `products`.`id` IN (1, 7, 6, 2, 3, 4, 18, 9) LIMIT 5
Completed 200 OK in 82ms (Views: 23.0ms | ActiveRecord: 9.5ms)


Started GET "/assets/application.css?body=1" for 127.0.0.1 at 2014-11-01 22:17:23 +0900


Started GET "/assets/review_site.css?body=1" for 127.0.0.1 at 2014-11-01 22:17:23 +0900


Started GET "/assets/jquery.js?body=1" for 127.0.0.1 at 2014-11-01 22:17:23 +0900


Started GET "/assets/top.css?body=1" for 127.0.0.1 at 2014-11-01 22:17:23 +0900


Started GET "/assets/works.css?body=1" for 127.0.0.1 at 2014-11-01 22:17:23 +0900


Started GET "/assets/jquery_ujs.js?body=1" for 127.0.0.1 at 2014-11-01 22:17:23 +0900


Started GET "/assets/top.js?body=1" for 127.0.0.1 at 2014-11-01 22:17:23 +0900


Started GET "/assets/turbolinks.js?body=1" for 127.0.0.1 at 2014-11-01 22:17:23 +0900


Started GET "/assets/works.js?body=1" for 127.0.0.1 at 2014-11-01 22:17:23 +0900


Started GET "/assets/application.js?body=1" for 127.0.0.1 at 2014-11-01 22:17:23 +0900


Started GET "/images/icons/icon-movie-poster.png" for 127.0.0.1 at 2014-11-01 22:17:23 +0900

ActionController::RoutingError (No route matches [GET] "/images/icons/icon-movie-poster.png"):
  actionpack (4.0.4) lib/action_dispatch/middleware/debug_exceptions.rb:21:in `call'
  actionpack (4.0.4) lib/action_dispatch/middleware/show_exceptions.rb:30:in `call'
  railties (4.0.4) lib/rails/rack/logger.rb:38:in `call_app'
  railties (4.0.4) lib/rails/rack/logger.rb:20:in `block in call'
  activesupport (4.0.4) lib/active_support/tagged_logging.rb:68:in `block in tagged'
  activesupport (4.0.4) lib/active_support/tagged_logging.rb:26:in `tagged'
  activesupport (4.0.4) lib/active_support/tagged_logging.rb:68:in `tagged'
  railties (4.0.4) lib/rails/rack/logger.rb:20:in `call'
  actionpack (4.0.4) lib/action_dispatch/middleware/request_id.rb:21:in `call'
  rack (1.5.2) lib/rack/methodoverride.rb:21:in `call'
  rack (1.5.2) lib/rack/runtime.rb:17:in `call'
  activesupport (4.0.4) lib/active_support/cache/strategy/local_cache.rb:83:in `call'
  rack (1.5.2) lib/rack/lock.rb:17:in `call'
  actionpack (4.0.4) lib/action_dispatch/middleware/static.rb:64:in `call'
  rack (1.5.2) lib/rack/sendfile.rb:112:in `call'
  railties (4.0.4) lib/rails/engine.rb:511:in `call'
  railties (4.0.4) lib/rails/application.rb:97:in `call'
  rack (1.5.2) lib/rack/lock.rb:17:in `call'
  rack (1.5.2) lib/rack/content_length.rb:14:in `call'
  rack (1.5.2) lib/rack/handler/webrick.rb:60:in `service'
  /Users/nari/.rbenv/versions/2.0.0-p247/lib/ruby/2.0.0/webrick/httpserver.rb:138:in `service'
  /Users/nari/.rbenv/versions/2.0.0-p247/lib/ruby/2.0.0/webrick/httpserver.rb:94:in `run'
  /Users/nari/.rbenv/versions/2.0.0-p247/lib/ruby/2.0.0/webrick/server.rb:295:in `block in start_thread'


  Rendered /Users/nari/.rbenv/versions/2.0.0-p247/lib/ruby/gems/2.0.0/gems/actionpack-4.0.4/lib/action_dispatch/middleware/templates/rescues/_trace.erb (1.3ms)
  Rendered /Users/nari/.rbenv/versions/2.0.0-p247/lib/ruby/gems/2.0.0/gems/actionpack-4.0.4/lib/action_dispatch/middleware/templates/routes/_route.html.erb (2.1ms)
  Rendered /Users/nari/.rbenv/versions/2.0.0-p247/lib/ruby/gems/2.0.0/gems/actionpack-4.0.4/lib/action_dispatch/middleware/templates/routes/_table.html.erb (2.0ms)
  Rendered /Users/nari/.rbenv/versions/2.0.0-p247/lib/ruby/gems/2.0.0/gems/actionpack-4.0.4/lib/action_dispatch/middleware/templates/rescues/routing_error.erb within rescues/layout (27.1ms)


Started GET "/assets/bambi-1.0.0.ttf?20140712" for 127.0.0.1 at 2014-11-01 22:17:23 +0900


Started GET "/" for 127.0.0.1 at 2014-11-01 22:17:33 +0900
Processing by TopController#index as HTML
  [1m[36m (0.2ms)[0m  [1mSELECT COUNT(*) AS count_all, product_id AS product_id FROM `reviews` GROUP BY product_id ORDER BY count_all DESC[0m
  Rendered top/index.html.erb within layouts/review_site (0.1ms)
  [1m[35mProduct Load (0.3ms)[0m  SELECT `products`.* FROM `products` WHERE `products`.`id` IN (1, 7, 6, 2, 3, 4, 18, 9) LIMIT 5
Completed 200 OK in 22ms (Views: 12.3ms | ActiveRecord: 3.3ms)


Started GET "/assets/application.css?body=1" for 127.0.0.1 at 2014-11-01 22:17:33 +0900


Started GET "/assets/review_site.css?body=1" for 127.0.0.1 at 2014-11-01 22:17:33 +0900


Started GET "/assets/jquery_ujs.js?body=1" for 127.0.0.1 at 2014-11-01 22:17:33 +0900


Started GET "/assets/top.css?body=1" for 127.0.0.1 at 2014-11-01 22:17:33 +0900


Started GET "/assets/works.css?body=1" for 127.0.0.1 at 2014-11-01 22:17:33 +0900


Started GET "/assets/jquery.js?body=1" for 127.0.0.1 at 2014-11-01 22:17:33 +0900


Started GET "/assets/turbolinks.js?body=1" for 127.0.0.1 at 2014-11-01 22:17:33 +0900


Started GET "/assets/top.js?body=1" for 127.0.0.1 at 2014-11-01 22:17:33 +0900


Started GET "/assets/works.js?body=1" for 127.0.0.1 at 2014-11-01 22:17:33 +0900


Started GET "/assets/application.js?body=1" for 127.0.0.1 at 2014-11-01 22:17:33 +0900


Started GET "/assets/bambi-1.0.0.ttf?20140712" for 127.0.0.1 at 2014-11-01 22:17:33 +0900


Started GET "/" for 127.0.0.1 at 2014-11-01 22:23:45 +0900
Processing by TopController#index as HTML
Completed 500 Internal Server Error in 45ms

NameError (uninitialized constant ReviewController::ReviewRank):
  app/controllers/review_controller.rb:8:in `set_ranking'


  Rendered /Users/nari/.rbenv/versions/2.0.0-p247/lib/ruby/gems/2.0.0/gems/actionpack-4.0.4/lib/action_dispatch/middleware/templates/rescues/_source.erb (0.7ms)
  Rendered /Users/nari/.rbenv/versions/2.0.0-p247/lib/ruby/gems/2.0.0/gems/actionpack-4.0.4/lib/action_dispatch/middleware/templates/rescues/_trace.erb (0.9ms)
  Rendered /Users/nari/.rbenv/versions/2.0.0-p247/lib/ruby/gems/2.0.0/gems/actionpack-4.0.4/lib/action_dispatch/middleware/templates/rescues/_request_and_response.erb (0.9ms)
  Rendered /Users/nari/.rbenv/versions/2.0.0-p247/lib/ruby/gems/2.0.0/gems/actionpack-4.0.4/lib/action_dispatch/middleware/templates/rescues/diagnostics.erb within rescues/layout (18.2ms)


Started GET "/" for 127.0.0.1 at 2014-11-01 22:24:22 +0900
Processing by TopController#index as HTML
  Rendered top/index.html.erb within layouts/review_site (0.1ms)
Completed 500 Internal Server Error in 5ms

ActionView::Template::Error (undefined method `each' for nil:NilClass):
    32:               <i class="icon-crown color-gray-light"></i>投稿ランキング
    33:             </h4>
    34:             <ul class="listview listview--condensed text-small">
    35:               <% @ranking.each.with_index(1) do |product, i| %>
    36:               <li data-cinema-id="346394">
    37:                 <a href="/products/<%= product.id %>">
    38:                   <div class="box">
  app/views/layouts/review_site.html.erb:35:in `_app_views_layouts_review_site_html_erb___1663226045166352281_70246318927340'


  Rendered /Users/nari/.rbenv/versions/2.0.0-p247/lib/ruby/gems/2.0.0/gems/actionpack-4.0.4/lib/action_dispatch/middleware/templates/rescues/_trace.erb (1.1ms)
  Rendered /Users/nari/.rbenv/versions/2.0.0-p247/lib/ruby/gems/2.0.0/gems/actionpack-4.0.4/lib/action_dispatch/middleware/templates/rescues/_request_and_response.erb (0.8ms)
  Rendered /Users/nari/.rbenv/versions/2.0.0-p247/lib/ruby/gems/2.0.0/gems/actionpack-4.0.4/lib/action_dispatch/middleware/templates/rescues/template_error.erb within rescues/layout (10.4ms)


Started GET "/" for 127.0.0.1 at 2014-11-01 22:24:23 +0900
Processing by TopController#index as HTML
  Rendered top/index.html.erb within layouts/review_site (0.0ms)
Completed 500 Internal Server Error in 5ms

ActionView::Template::Error (undefined method `each' for nil:NilClass):
    32:               <i class="icon-crown color-gray-light"></i>投稿ランキング
    33:             </h4>
    34:             <ul class="listview listview--condensed text-small">
    35:               <% @ranking.each.with_index(1) do |product, i| %>
    36:               <li data-cinema-id="346394">
    37:                 <a href="/products/<%= product.id %>">
    38:                   <div class="box">
  app/views/layouts/review_site.html.erb:35:in `_app_views_layouts_review_site_html_erb___1663226045166352281_70246318927340'


  Rendered /Users/nari/.rbenv/versions/2.0.0-p247/lib/ruby/gems/2.0.0/gems/actionpack-4.0.4/lib/action_dispatch/middleware/templates/rescues/_trace.erb (0.9ms)
  Rendered /Users/nari/.rbenv/versions/2.0.0-p247/lib/ruby/gems/2.0.0/gems/actionpack-4.0.4/lib/action_dispatch/middleware/templates/rescues/_request_and_response.erb (0.8ms)
  Rendered /Users/nari/.rbenv/versions/2.0.0-p247/lib/ruby/gems/2.0.0/gems/actionpack-4.0.4/lib/action_dispatch/middleware/templates/rescues/template_error.erb within rescues/layout (9.2ms)


Started GET "/" for 127.0.0.1 at 2014-11-01 22:25:09 +0900
Processing by TopController#index as HTML
  Rendered top/index.html.erb within layouts/review_site (0.1ms)
Completed 200 OK in 5ms (Views: 4.4ms | ActiveRecord: 0.0ms)


Started GET "/assets/application.css?body=1" for 127.0.0.1 at 2014-11-01 22:25:09 +0900


Started GET "/assets/jquery.js?body=1" for 127.0.0.1 at 2014-11-01 22:25:09 +0900


Started GET "/assets/turbolinks.js?body=1" for 127.0.0.1 at 2014-11-01 22:25:09 +0900


Started GET "/assets/review_site.css?body=1" for 127.0.0.1 at 2014-11-01 22:25:09 +0900


Started GET "/assets/top.css?body=1" for 127.0.0.1 at 2014-11-01 22:25:09 +0900


Started GET "/assets/jquery_ujs.js?body=1" for 127.0.0.1 at 2014-11-01 22:25:09 +0900


Started GET "/assets/works.css?body=1" for 127.0.0.1 at 2014-11-01 22:25:09 +0900


Started GET "/assets/top.js?body=1" for 127.0.0.1 at 2014-11-01 22:25:09 +0900


Started GET "/assets/works.js?body=1" for 127.0.0.1 at 2014-11-01 22:25:09 +0900


Started GET "/assets/application.js?body=1" for 127.0.0.1 at 2014-11-01 22:25:09 +0900


Started GET "/assets/bambi-1.0.0.ttf?20140712" for 127.0.0.1 at 2014-11-01 22:25:09 +0900


Started GET "/" for 127.0.0.1 at 2014-11-01 22:31:49 +0900
Processing by TopController#index as HTML
  Rendered top/index.html.erb within layouts/review_site (0.1ms)
Completed 200 OK in 6ms (Views: 4.4ms | ActiveRecord: 0.0ms)


Started GET "/assets/application.css?body=1" for 127.0.0.1 at 2014-11-01 22:31:49 +0900


Started GET "/assets/jquery_ujs.js?body=1" for 127.0.0.1 at 2014-11-01 22:31:49 +0900


Started GET "/assets/works.css?body=1" for 127.0.0.1 at 2014-11-01 22:31:49 +0900


Started GET "/assets/review_site.css?body=1" for 127.0.0.1 at 2014-11-01 22:31:49 +0900


Started GET "/assets/jquery.js?body=1" for 127.0.0.1 at 2014-11-01 22:31:49 +0900


Started GET "/assets/top.css?body=1" for 127.0.0.1 at 2014-11-01 22:31:49 +0900


Started GET "/assets/turbolinks.js?body=1" for 127.0.0.1 at 2014-11-01 22:31:49 +0900


Started GET "/assets/top.js?body=1" for 127.0.0.1 at 2014-11-01 22:31:49 +0900


Started GET "/assets/works.js?body=1" for 127.0.0.1 at 2014-11-01 22:31:49 +0900


Started GET "/assets/application.js?body=1" for 127.0.0.1 at 2014-11-01 22:31:49 +0900


Started GET "/assets/bambi-1.0.0.ttf?20140712" for 127.0.0.1 at 2014-11-01 22:31:49 +0900


Started GET "/" for 127.0.0.1 at 2014-11-01 22:31:50 +0900
Processing by TopController#index as HTML
  Rendered top/index.html.erb within layouts/review_site (0.1ms)
Completed 200 OK in 6ms (Views: 5.5ms | ActiveRecord: 0.0ms)


Started GET "/assets/application.css?body=1" for 127.0.0.1 at 2014-11-01 22:31:50 +0900


Started GET "/assets/review_site.css?body=1" for 127.0.0.1 at 2014-11-01 22:31:50 +0900


Started GET "/assets/top.css?body=1" for 127.0.0.1 at 2014-11-01 22:31:50 +0900


Started GET "/assets/jquery.js?body=1" for 127.0.0.1 at 2014-11-01 22:31:50 +0900


Started GET "/assets/works.css?body=1" for 127.0.0.1 at 2014-11-01 22:31:50 +0900


Started GET "/assets/jquery_ujs.js?body=1" for 127.0.0.1 at 2014-11-01 22:31:50 +0900


Started GET "/assets/turbolinks.js?body=1" for 127.0.0.1 at 2014-11-01 22:31:50 +0900


Started GET "/assets/top.js?body=1" for 127.0.0.1 at 2014-11-01 22:31:50 +0900


Started GET "/assets/works.js?body=1" for 127.0.0.1 at 2014-11-01 22:31:50 +0900


Started GET "/assets/application.js?body=1" for 127.0.0.1 at 2014-11-01 22:31:50 +0900


Started GET "/assets/bambi-1.0.0.ttf?20140712" for 127.0.0.1 at 2014-11-01 22:31:50 +0900


Started GET "/" for 127.0.0.1 at 2014-11-01 22:31:51 +0900
Processing by TopController#index as HTML
  Rendered top/index.html.erb within layouts/review_site (0.4ms)
Completed 200 OK in 4ms (Views: 3.8ms | ActiveRecord: 0.0ms)


Started GET "/search" for 127.0.0.1 at 2014-11-01 22:31:52 +0900
Processing by TopController#search as HTML
  Rendered top/search.html.erb within layouts/review_site (1.1ms)
Completed 200 OK in 5ms (Views: 4.8ms | ActiveRecord: 0.0ms)


Started GET "/search?utf8=%E2%9C%93&keyword=%E3%81%82" for 127.0.0.1 at 2014-11-01 22:31:55 +0900
Processing by TopController#search as HTML
  Parameters: {"utf8"=>"✓", "keyword"=>"あ"}
  Rendered top/search.html.erb within layouts/review_site (1.4ms)
Completed 200 OK in 6ms (Views: 5.6ms | ActiveRecord: 0.0ms)


Started GET "/assets/application.css?body=1" for 127.0.0.1 at 2014-11-01 22:31:55 +0900


Started GET "/assets/jquery_ujs.js?body=1" for 127.0.0.1 at 2014-11-01 22:31:55 +0900


Started GET "/assets/top.css?body=1" for 127.0.0.1 at 2014-11-01 22:31:55 +0900


Started GET "/assets/jquery.js?body=1" for 127.0.0.1 at 2014-11-01 22:31:55 +0900


Started GET "/assets/review_site.css?body=1" for 127.0.0.1 at 2014-11-01 22:31:55 +0900


Started GET "/assets/works.css?body=1" for 127.0.0.1 at 2014-11-01 22:31:55 +0900


Started GET "/assets/turbolinks.js?body=1" for 127.0.0.1 at 2014-11-01 22:31:55 +0900


Started GET "/assets/top.js?body=1" for 127.0.0.1 at 2014-11-01 22:31:55 +0900


Started GET "/assets/works.js?body=1" for 127.0.0.1 at 2014-11-01 22:31:55 +0900


Started GET "/assets/application.js?body=1" for 127.0.0.1 at 2014-11-01 22:31:55 +0900


Started GET "/assets/bambi-1.0.0.ttf?20140712" for 127.0.0.1 at 2014-11-01 22:31:55 +0900


Started GET "/" for 127.0.0.1 at 2014-11-01 22:31:57 +0900
Processing by TopController#index as HTML
  Rendered top/index.html.erb within layouts/review_site (0.1ms)
Completed 200 OK in 5ms (Views: 4.6ms | ActiveRecord: 0.0ms)


Started GET "/" for 127.0.0.1 at 2014-11-01 22:31:58 +0900
Processing by TopController#index as HTML
  Rendered top/index.html.erb within layouts/review_site (0.1ms)
Completed 200 OK in 5ms (Views: 4.4ms | ActiveRecord: 0.0ms)


Started GET "/" for 127.0.0.1 at 2014-11-01 22:31:58 +0900
Processing by TopController#index as HTML
  Rendered top/index.html.erb within layouts/review_site (0.0ms)
Completed 200 OK in 4ms (Views: 3.3ms | ActiveRecord: 0.0ms)


Started GET "/" for 127.0.0.1 at 2014-11-01 22:31:58 +0900
Processing by TopController#index as HTML
  Rendered top/index.html.erb within layouts/review_site (0.0ms)
Completed 200 OK in 4ms (Views: 3.1ms | ActiveRecord: 0.0ms)


Started GET "/" for 127.0.0.1 at 2014-11-01 22:31:58 +0900
Processing by TopController#index as HTML
  Rendered top/index.html.erb within layouts/review_site (0.0ms)
Completed 200 OK in 4ms (Views: 3.5ms | ActiveRecord: 0.0ms)


Started GET "/" for 127.0.0.1 at 2014-11-01 22:31:58 +0900
Processing by TopController#index as HTML
  Rendered top/index.html.erb within layouts/review_site (0.0ms)
Completed 200 OK in 4ms (Views: 3.6ms | ActiveRecord: 0.0ms)


Started GET "/search" for 127.0.0.1 at 2014-11-01 22:32:01 +0900
Processing by TopController#search as HTML
  Rendered top/search.html.erb within layouts/review_site (0.3ms)
Completed 200 OK in 4ms (Views: 3.5ms | ActiveRecord: 0.0ms)


Started GET "/search" for 127.0.0.1 at 2014-11-01 22:32:01 +0900
Processing by TopController#search as HTML
  Rendered top/search.html.erb within layouts/review_site (0.4ms)
Completed 200 OK in 5ms (Views: 4.2ms | ActiveRecord: 0.0ms)


Started GET "/search" for 127.0.0.1 at 2014-11-01 22:32:01 +0900
Processing by TopController#search as HTML
  Rendered top/search.html.erb within layouts/review_site (0.3ms)
Completed 200 OK in 4ms (Views: 3.5ms | ActiveRecord: 0.0ms)


Started GET "/search" for 127.0.0.1 at 2014-11-01 22:32:01 +0900
Processing by TopController#search as HTML
  Rendered top/search.html.erb within layouts/review_site (0.4ms)
Completed 200 OK in 5ms (Views: 4.2ms | ActiveRecord: 0.0ms)


Started GET "/search" for 127.0.0.1 at 2014-11-01 22:32:01 +0900
Processing by TopController#search as HTML
  Rendered top/search.html.erb within layouts/review_site (0.4ms)
Completed 200 OK in 5ms (Views: 4.1ms | ActiveRecord: 0.0ms)


Started GET "/" for 127.0.0.1 at 2014-11-01 22:32:03 +0900
Processing by TopController#index as HTML
  Rendered top/index.html.erb within layouts/review_site (0.0ms)
Completed 200 OK in 4ms (Views: 3.4ms | ActiveRecord: 0.0ms)


Started GET "/" for 127.0.0.1 at 2014-11-01 22:32:03 +0900
Processing by TopController#index as HTML
  Rendered top/index.html.erb within layouts/review_site (0.0ms)
Completed 200 OK in 4ms (Views: 3.4ms | ActiveRecord: 0.0ms)


Started GET "/" for 127.0.0.1 at 2014-11-01 22:32:03 +0900
Processing by TopController#index as HTML
  Rendered top/index.html.erb within layouts/review_site (0.0ms)
Completed 200 OK in 4ms (Views: 3.7ms | ActiveRecord: 0.0ms)


Started GET "/" for 127.0.0.1 at 2014-11-01 22:32:03 +0900
Processing by TopController#index as HTML
  Rendered top/index.html.erb within layouts/review_site (0.0ms)
Completed 200 OK in 4ms (Views: 3.2ms | ActiveRecord: 0.0ms)


Started GET "/" for 127.0.0.1 at 2015-10-25 20:42:34 +0900
Processing by Rails::WelcomeController#index as HTML
  Rendered /Users/taniguchieriko/.rbenv/versions/2.1.3/lib/ruby/gems/2.1.0/gems/railties-4.0.4/lib/rails/templates/rails/welcome/index.html.erb (2.7ms)
Completed 200 OK in 46ms (Views: 35.6ms | ActiveRecord: 0.0ms)


Started GET "/" for 127.0.0.1 at 2015-10-25 20:49:32 +0900
Processing by Rails::WelcomeController#index as HTML
  Rendered /Users/taniguchieriko/.rbenv/versions/2.1.3/lib/ruby/gems/2.1.0/gems/railties-4.0.4/lib/rails/templates/rails/welcome/index.html.erb (3.5ms)
Completed 200 OK in 28ms (Views: 16.0ms | ActiveRecord: 0.0ms)
  [1m[36m (135.2ms)[0m  [1mCREATE TABLE `schema_migrations` (`version` varchar(255) NOT NULL) ENGINE=InnoDB[0m
  [1m[35m (103.2ms)[0m  CREATE UNIQUE INDEX `unique_schema_migrations` ON `schema_migrations` (`version`) 
  [1m[36mActiveRecord::SchemaMigration Load (0.4ms)[0m  [1mSELECT `schema_migrations`.* FROM `schema_migrations`[0m
Migrating to CreateProducts (20151025115329)
  [1m[35m (72.4ms)[0m  CREATE TABLE `products` (`id` int(11) DEFAULT NULL auto_increment PRIMARY KEY, `created_at` datetime, `updated_at` datetime) ENGINE=InnoDB
  [1m[36m (0.2ms)[0m  [1mBEGIN[0m
  [1m[35mSQL (22.8ms)[0m  INSERT INTO `schema_migrations` (`version`) VALUES ('20151025115329')
  [1m[36m (0.5ms)[0m  [1mCOMMIT[0m
  [1m[35mActiveRecord::SchemaMigration Load (0.2ms)[0m  SELECT `schema_migrations`.* FROM `schema_migrations`
  [1m[36mActiveRecord::SchemaMigration Load (14.5ms)[0m  [1mSELECT `schema_migrations`.* FROM `schema_migrations`[0m
  [1m[35mActiveRecord::SchemaMigration Load (0.2ms)[0m  SELECT `schema_migrations`.* FROM `schema_migrations`
  [1m[36mActiveRecord::SchemaMigration Load (0.3ms)[0m  [1mSELECT `schema_migrations`.* FROM `schema_migrations`[0m
  [1m[35mActiveRecord::SchemaMigration Load (0.3ms)[0m  SELECT `schema_migrations`.* FROM `schema_migrations`
Migrating to CreateProducts (20151025115329)
  [1m[36m (47.8ms)[0m  [1mDROP TABLE `products`[0m
  [1m[35mSQL (41.1ms)[0m  DELETE FROM `schema_migrations` WHERE `schema_migrations`.`version` = '20151025115329'
  [1m[36mActiveRecord::SchemaMigration Load (0.2ms)[0m  [1mSELECT `schema_migrations`.* FROM `schema_migrations`[0m
  [1m[36mActiveRecord::SchemaMigration Load (0.3ms)[0m  [1mSELECT `schema_migrations`.* FROM `schema_migrations`[0m
Migrating to CreateProducts (20151025115329)
  [1m[35m (79.9ms)[0m  CREATE TABLE `products` (`id` int(11) DEFAULT NULL auto_increment PRIMARY KEY, `title` varchar(255), `image_url` text, `created_at` datetime, `updated_at` datetime) ENGINE=InnoDB
  [1m[36m (0.7ms)[0m  [1mBEGIN[0m
  [1m[35mSQL (5.8ms)[0m  INSERT INTO `schema_migrations` (`version`) VALUES ('20151025115329')
  [1m[36m (5.9ms)[0m  [1mCOMMIT[0m
  [1m[35mActiveRecord::SchemaMigration Load (0.3ms)[0m  SELECT `schema_migrations`.* FROM `schema_migrations`
  [1m[36m (0.2ms)[0m  [1mBEGIN[0m
  [1m[35mSQL (5.9ms)[0m  INSERT INTO `products` (`created_at`, `image_url`, `title`, `updated_at`) VALUES ('2015-10-25 13:13:41', 'http://image.eiga.k-img.com/images/movie/82337/poster2/200.jpg?1440753935', '恐怖ノ白魔人', '2015-10-25 13:13:41')
  [1m[36m (12.3ms)[0m  [1mCOMMIT[0m
  [1m[35m (0.2ms)[0m  BEGIN
  [1m[36mSQL (0.2ms)[0m  [1mINSERT INTO `products` (`created_at`, `image_url`, `title`, `updated_at`) VALUES ('2015-10-25 13:13:42', 'http://image.eiga.k-img.com/images/movie/81140/poster2/200.jpg?1440753901', 'ミッドナイト・アフター', '2015-10-25 13:13:42')[0m
  [1m[35m (1.2ms)[0m  COMMIT
  [1m[36m (0.2ms)[0m  [1mBEGIN[0m
  [1m[35mSQL (0.3ms)[0m  INSERT INTO `products` (`created_at`, `image_url`, `title`, `updated_at`) VALUES ('2015-10-25 13:13:42', 'http://image.eiga.k-img.com/images/movie/81823/200x133.jpg?1444704207', 'ギャラクシー街道', '2015-10-25 13:13:42')
  [1m[36m (1.2ms)[0m  [1mCOMMIT[0m
  [1m[35m (0.2ms)[0m  BEGIN
  [1m[36mSQL (0.4ms)[0m  [1mINSERT INTO `products` (`created_at`, `image_url`, `title`, `updated_at`) VALUES ('2015-10-25 13:13:42', 'http://image.eiga.k-img.com/images/movie/81760/poster2/200.jpg?1441961820', 'トランスポーター　イグニション', '2015-10-25 13:13:42')[0m
  [1m[35m (0.9ms)[0m  COMMIT
  [1m[36m (0.2ms)[0m  [1mBEGIN[0m
  [1m[35mSQL (0.3ms)[0m  INSERT INTO `products` (`created_at`, `image_url`, `title`, `updated_at`) VALUES ('2015-10-25 13:13:42', 'http://image.eiga.k-img.com/images/movie/82210/poster2/200.jpg?1442544009', 'ボクは坊さん。', '2015-10-25 13:13:42')
  [1m[36m (1.1ms)[0m  [1mCOMMIT[0m
  [1m[35m (0.2ms)[0m  BEGIN
  [1m[36mSQL (0.3ms)[0m  [1mINSERT INTO `products` (`created_at`, `image_url`, `title`, `updated_at`) VALUES ('2015-10-25 13:13:43', 'http://image.eiga.k-img.com/images/movie/82004/poster2/200.jpg?1432611183', 'TRASH トラッシュ', '2015-10-25 13:13:43')[0m
  [1m[35m (1.1ms)[0m  COMMIT
  [1m[36m (0.2ms)[0m  [1mBEGIN[0m
  [1m[35mSQL (0.3ms)[0m  INSERT INTO `products` (`created_at`, `image_url`, `title`, `updated_at`) VALUES ('2015-10-25 13:13:44', 'http://image.eiga.k-img.com/images/movie/81620/poster2/200.jpg?1435284937', 'アクトレス　女たちの舞台', '2015-10-25 13:13:44')
  [1m[36m (0.4ms)[0m  [1mCOMMIT[0m
  [1m[35m (0.2ms)[0m  BEGIN
  [1m[36mSQL (0.2ms)[0m  [1mINSERT INTO `products` (`created_at`, `image_url`, `title`, `updated_at`) VALUES ('2015-10-25 13:13:44', 'http://image.eiga.k-img.com/images/movie/80128/poster2/200.jpg?1441165292', 'EARTH TO ECHO アース・トゥ・エコー', '2015-10-25 13:13:44')[0m
  [1m[35m (0.4ms)[0m  COMMIT
  [1m[36m (0.2ms)[0m  [1mBEGIN[0m
  [1m[35mSQL (0.2ms)[0m  INSERT INTO `products` (`created_at`, `image_url`, `title`, `updated_at`) VALUES ('2015-10-25 13:13:44', 'http://image.eiga.k-img.com/images/movie/41965/poster2/200.jpg?1441850646', '悪魔のいけにえ', '2015-10-25 13:13:44')
  [1m[36m (1.1ms)[0m  [1mCOMMIT[0m
  [1m[35m (0.1ms)[0m  BEGIN
  [1m[36mSQL (0.2ms)[0m  [1mINSERT INTO `products` (`created_at`, `image_url`, `title`, `updated_at`) VALUES ('2015-10-25 13:13:45', 'http://image.eiga.k-img.com/images/movie/82861/poster2/200.jpg?1440990485', '夏ノ日、君ノ声', '2015-10-25 13:13:45')[0m
  [1m[35m (0.5ms)[0m  COMMIT
  [1m[36m (0.2ms)[0m  [1mBEGIN[0m
  [1m[35mSQL (0.3ms)[0m  INSERT INTO `products` (`created_at`, `image_url`, `title`, `updated_at`) VALUES ('2015-10-25 13:13:45', 'http://image.eiga.k-img.com/images/movie/82361/poster2/200.jpg?1439778105', 'とびだすプリパラ　み～んなでめざせ！アイドル☆グランプリ', '2015-10-25 13:13:45')
  [1m[36m (1.1ms)[0m  [1mCOMMIT[0m
  [1m[35m (0.1ms)[0m  BEGIN
  [1m[36mSQL (0.3ms)[0m  [1mINSERT INTO `products` (`created_at`, `image_url`, `title`, `updated_at`) VALUES ('2015-10-25 13:13:46', 'http://image.eiga.k-img.com/images/movie/83098/poster2/200.jpg?1445339297', 'ERIC CLAPTON エリック・クラプトン Live at the Royal Albert Hall Slowhand at 70', '2015-10-25 13:13:46')[0m
  [1m[35m (6.4ms)[0m  COMMIT
  [1m[36m (0.2ms)[0m  [1mBEGIN[0m
  [1m[35mSQL (0.3ms)[0m  INSERT INTO `products` (`created_at`, `image_url`, `title`, `updated_at`) VALUES ('2015-10-25 13:13:47', 'http://image.eiga.k-img.com/images/movie/82976/poster2/200.jpg?1442543680', 'Only 4 you', '2015-10-25 13:13:47')
  [1m[36m (0.5ms)[0m  [1mCOMMIT[0m
  [1m[35m (0.2ms)[0m  BEGIN
  [1m[36mSQL (0.2ms)[0m  [1mINSERT INTO `products` (`created_at`, `image_url`, `title`, `updated_at`) VALUES ('2015-10-25 13:13:47', 'http://image.eiga.k-img.com/images/movie/81877/poster2/200.jpg?1441360342', 'かぐらめ', '2015-10-25 13:13:47')[0m
  [1m[35m (1.1ms)[0m  COMMIT
  [1m[36m (0.1ms)[0m  [1mBEGIN[0m
  [1m[35mSQL (0.2ms)[0m  INSERT INTO `products` (`created_at`, `image_url`, `title`, `updated_at`) VALUES ('2015-10-25 13:13:48', 'http://image.eiga.k-img.com/images/movie/81137/poster2/200.jpg?1437963001', 'シーヴァス　王子さまになりたかった少年と負け犬だった闘犬の物語', '2015-10-25 13:13:48')
  [1m[36m (0.4ms)[0m  [1mCOMMIT[0m
  [1m[35m (0.2ms)[0m  BEGIN
  [1m[36mSQL (0.2ms)[0m  [1mINSERT INTO `products` (`created_at`, `image_url`, `title`, `updated_at`) VALUES ('2015-10-25 13:13:48', 'http://image.eiga.k-img.com/images/movie/82335/poster2/200.jpg?1445339011', 'ゾンビ・ガール', '2015-10-25 13:13:48')[0m
  [1m[35m (1.2ms)[0m  COMMIT
  [1m[36m (0.2ms)[0m  [1mBEGIN[0m
  [1m[35mSQL (0.3ms)[0m  INSERT INTO `products` (`created_at`, `image_url`, `title`, `updated_at`) VALUES ('2015-10-25 13:13:48', 'http://image.eiga.k-img.com/images/movie/83096/poster2/200.jpg?1443413743', '種まきうさぎ　フクシマに向き合う青春', '2015-10-25 13:13:48')
  [1m[36m (1.1ms)[0m  [1mCOMMIT[0m
  [1m[35m (0.1ms)[0m  BEGIN
  [1m[36mSQL (0.2ms)[0m  [1mINSERT INTO `products` (`created_at`, `image_url`, `title`, `updated_at`) VALUES ('2015-10-25 13:13:49', 'http://image.eiga.k-img.com/images/movie/81650/poster2/200.jpg?1438567561', 'ディアーディアー', '2015-10-25 13:13:49')[0m
  [1m[35m (0.4ms)[0m  COMMIT
  [1m[36m (0.2ms)[0m  [1mBEGIN[0m
  [1m[35mSQL (0.3ms)[0m  INSERT INTO `products` (`created_at`, `image_url`, `title`, `updated_at`) VALUES ('2015-10-25 13:13:49', 'http://image.eiga.k-img.com/images/movie/82153/200x133.jpg?1444042334', 'ディズニーネイチャー　サルの王国とその掟', '2015-10-25 13:13:49')
  [1m[36m (1.1ms)[0m  [1mCOMMIT[0m
  [1m[35m (0.2ms)[0m  BEGIN
  [1m[36mSQL (0.2ms)[0m  [1mINSERT INTO `products` (`created_at`, `image_url`, `title`, `updated_at`) VALUES ('2015-10-25 13:13:50', 'http://image.eiga.k-img.com/images/movie/82770/poster2/200.jpg?1442545305', '日本零年　フクシマからの風　第二章', '2015-10-25 13:13:50')[0m
  [1m[35m (1.1ms)[0m  COMMIT
